<?xml version="1.0" encoding="UTF-8"?>
<!-- Generated by org.testng.reporters.JUnitReportReporter -->
<testsuite hostname="ASUS" failures="0" tests="3" name="com.tutorialsninja.demo.testsuite.TopMenuTest" time="14.932" errors="0" timestamp="2023-12-12T17:53:23 GMT" skipped="0">
  <testcase classname="com.tutorialsninja.demo.testsuite.TopMenuTest" name="verifyUserShouldNavigateToComponentsPageSuccessfully" time="4.678"/>
  <testcase classname="com.tutorialsninja.demo.testsuite.TopMenuTest" name="verifyUserShouldNavigateToLaptopsAndNotebooksPageSuccessfully" time="5.459"/>
  <testcase classname="com.tutorialsninja.demo.testsuite.TopMenuTest" name="verifyUserShouldNavigateToDesktopsPageSuccessfully" time="4.795"/>
</testsuite> <!-- com.tutorialsninja.demo.testsuite.TopMenuTest -->
